<?xml version="1.0" encoding="UTF-8"?>
<testsuite xmlns:xsi="http://www.w3.org/2001/XMLSchema-instance" xsi:noNamespaceSchemaLocation="https://maven.apache.org/surefire/maven-surefire-plugin/xsd/surefire-test-report-3.0.xsd" version="3.0" name="Backend.InsurancePlanApplicationTests" time="0.464" tests="1" errors="1" skipped="0" failures="0">
  <properties>
    <property name="java.specification.version" value="18"/>
    <property name="sun.jnu.encoding" value="UTF-8"/>
    <property name="java.class.path" value="/Users/geethaparthasarathy/Downloads/InsurancePlan 2/target/test-classes:/Users/geethaparthasarathy/Downloads/InsurancePlan 2/target/classes:/Users/geethaparthasarathy/.m2/repository/org/springframework/boot/spring-boot-starter-web/3.1.0/spring-boot-starter-web-3.1.0.jar:/Users/geethaparthasarathy/.m2/repository/org/springframework/boot/spring-boot-starter/3.1.0/spring-boot-starter-3.1.0.jar:/Users/geethaparthasarathy/.m2/repository/org/springframework/boot/spring-boot/3.1.0/spring-boot-3.1.0.jar:/Users/geethaparthasarathy/.m2/repository/org/springframework/boot/spring-boot-autoconfigure/3.1.0/spring-boot-autoconfigure-3.1.0.jar:/Users/geethaparthasarathy/.m2/repository/org/springframework/boot/spring-boot-starter-logging/3.1.0/spring-boot-starter-logging-3.1.0.jar:/Users/geethaparthasarathy/.m2/repository/ch/qos/logback/logback-classic/1.4.7/logback-classic-1.4.7.jar:/Users/geethaparthasarathy/.m2/repository/ch/qos/logback/logback-core/1.4.7/logback-core-1.4.7.jar:/Users/geethaparthasarathy/.m2/repository/org/apache/logging/log4j/log4j-to-slf4j/2.20.0/log4j-to-slf4j-2.20.0.jar:/Users/geethaparthasarathy/.m2/repository/org/slf4j/jul-to-slf4j/2.0.7/jul-to-slf4j-2.0.7.jar:/Users/geethaparthasarathy/.m2/repository/jakarta/annotation/jakarta.annotation-api/2.1.1/jakarta.annotation-api-2.1.1.jar:/Users/geethaparthasarathy/.m2/repository/org/yaml/snakeyaml/1.33/snakeyaml-1.33.jar:/Users/geethaparthasarathy/.m2/repository/org/springframework/boot/spring-boot-starter-json/3.1.0/spring-boot-starter-json-3.1.0.jar:/Users/geethaparthasarathy/.m2/repository/com/fasterxml/jackson/datatype/jackson-datatype-jdk8/2.15.0/jackson-datatype-jdk8-2.15.0.jar:/Users/geethaparthasarathy/.m2/repository/com/fasterxml/jackson/datatype/jackson-datatype-jsr310/2.15.0/jackson-datatype-jsr310-2.15.0.jar:/Users/geethaparthasarathy/.m2/repository/com/fasterxml/jackson/module/jackson-module-parameter-names/2.15.0/jackson-module-parameter-names-2.15.0.jar:/Users/geethaparthasarathy/.m2/repository/org/springframework/boot/spring-boot-starter-tomcat/3.1.0/spring-boot-starter-tomcat-3.1.0.jar:/Users/geethaparthasarathy/.m2/repository/org/apache/tomcat/embed/tomcat-embed-core/10.1.8/tomcat-embed-core-10.1.8.jar:/Users/geethaparthasarathy/.m2/repository/org/apache/tomcat/embed/tomcat-embed-el/10.1.8/tomcat-embed-el-10.1.8.jar:/Users/geethaparthasarathy/.m2/repository/org/apache/tomcat/embed/tomcat-embed-websocket/10.1.8/tomcat-embed-websocket-10.1.8.jar:/Users/geethaparthasarathy/.m2/repository/org/springframework/spring-web/6.0.9/spring-web-6.0.9.jar:/Users/geethaparthasarathy/.m2/repository/org/springframework/spring-beans/6.0.9/spring-beans-6.0.9.jar:/Users/geethaparthasarathy/.m2/repository/io/micrometer/micrometer-observation/1.11.0/micrometer-observation-1.11.0.jar:/Users/geethaparthasarathy/.m2/repository/io/micrometer/micrometer-commons/1.11.0/micrometer-commons-1.11.0.jar:/Users/geethaparthasarathy/.m2/repository/org/springframework/spring-webmvc/6.0.9/spring-webmvc-6.0.9.jar:/Users/geethaparthasarathy/.m2/repository/org/springframework/spring-aop/6.0.9/spring-aop-6.0.9.jar:/Users/geethaparthasarathy/.m2/repository/org/springframework/spring-expression/6.0.9/spring-expression-6.0.9.jar:/Users/geethaparthasarathy/.m2/repository/javax/servlet/javax.servlet-api/4.0.1/javax.servlet-api-4.0.1.jar:/Users/geethaparthasarathy/.m2/repository/com/google/api-client/google-api-client/1.32.1/google-api-client-1.32.1.jar:/Users/geethaparthasarathy/.m2/repository/com/google/oauth-client/google-oauth-client/1.31.5/google-oauth-client-1.31.5.jar:/Users/geethaparthasarathy/.m2/repository/com/google/http-client/google-http-client-gson/1.39.2/google-http-client-gson-1.39.2.jar:/Users/geethaparthasarathy/.m2/repository/com/google/guava/guava/30.1.1-android/guava-30.1.1-android.jar:/Users/geethaparthasarathy/.m2/repository/com/google/guava/failureaccess/1.0.1/failureaccess-1.0.1.jar:/Users/geethaparthasarathy/.m2/repository/com/google/guava/listenablefuture/9999.0-empty-to-avoid-conflict-with-guava/listenablefuture-9999.0-empty-to-avoid-conflict-with-guava.jar:/Users/geethaparthasarathy/.m2/repository/org/checkerframework/checker-compat-qual/2.5.5/checker-compat-qual-2.5.5.jar:/Users/geethaparthasarathy/.m2/repository/com/google/errorprone/error_prone_annotations/2.5.1/error_prone_annotations-2.5.1.jar:/Users/geethaparthasarathy/.m2/repository/com/google/j2objc/j2objc-annotations/1.3/j2objc-annotations-1.3.jar:/Users/geethaparthasarathy/.m2/repository/com/google/http-client/google-http-client-apache-v2/1.39.2/google-http-client-apache-v2-1.39.2.jar:/Users/geethaparthasarathy/.m2/repository/org/apache/httpcomponents/httpcore/4.4.16/httpcore-4.4.16.jar:/Users/geethaparthasarathy/.m2/repository/org/apache/httpcomponents/httpclient/4.5.13/httpclient-4.5.13.jar:/Users/geethaparthasarathy/.m2/repository/commons-logging/commons-logging/1.2/commons-logging-1.2.jar:/Users/geethaparthasarathy/.m2/repository/commons-codec/commons-codec/1.15/commons-codec-1.15.jar:/Users/geethaparthasarathy/.m2/repository/com/google/http-client/google-http-client/1.39.2/google-http-client-1.39.2.jar:/Users/geethaparthasarathy/.m2/repository/io/opencensus/opencensus-api/0.28.0/opencensus-api-0.28.0.jar:/Users/geethaparthasarathy/.m2/repository/io/grpc/grpc-context/1.27.2/grpc-context-1.27.2.jar:/Users/geethaparthasarathy/.m2/repository/io/opencensus/opencensus-contrib-http-util/0.28.0/opencensus-contrib-http-util-0.28.0.jar:/Users/geethaparthasarathy/.m2/repository/com/github/java-json-tools/json-schema-core/1.2.10/json-schema-core-1.2.10.jar:/Users/geethaparthasarathy/.m2/repository/com/github/java-json-tools/jackson-coreutils/1.9/jackson-coreutils-1.9.jar:/Users/geethaparthasarathy/.m2/repository/com/github/fge/msg-simple/1.1/msg-simple-1.1.jar:/Users/geethaparthasarathy/.m2/repository/com/github/fge/btf/1.2/btf-1.2.jar:/Users/geethaparthasarathy/.m2/repository/com/github/fge/uri-template/0.9/uri-template-0.9.jar:/Users/geethaparthasarathy/.m2/repository/org/mozilla/rhino/1.7.7.1/rhino-1.7.7.1.jar:/Users/geethaparthasarathy/.m2/repository/com/google/code/findbugs/jsr305/3.0.1/jsr305-3.0.1.jar:/Users/geethaparthasarathy/.m2/repository/com/github/java-json-tools/json-schema-validator/2.2.10/json-schema-validator-2.2.10.jar:/Users/geethaparthasarathy/.m2/repository/javax/mail/mailapi/1.4.3/mailapi-1.4.3.jar:/Users/geethaparthasarathy/.m2/repository/javax/activation/activation/1.1/activation-1.1.jar:/Users/geethaparthasarathy/.m2/repository/joda-time/joda-time/2.9.7/joda-time-2.9.7.jar:/Users/geethaparthasarathy/.m2/repository/com/googlecode/libphonenumber/libphonenumber/8.0.0/libphonenumber-8.0.0.jar:/Users/geethaparthasarathy/.m2/repository/net/sf/jopt-simple/jopt-simple/5.0.3/jopt-simple-5.0.3.jar:/Users/geethaparthasarathy/.m2/repository/com/rabbitmq/amqp-client/5.8.0/amqp-client-5.8.0.jar:/Users/geethaparthasarathy/.m2/repository/org/slf4j/slf4j-api/2.0.7/slf4j-api-2.0.7.jar:/Users/geethaparthasarathy/.m2/repository/org/springframework/boot/spring-boot-starter-amqp/3.1.0/spring-boot-starter-amqp-3.1.0.jar:/Users/geethaparthasarathy/.m2/repository/org/springframework/spring-messaging/6.0.9/spring-messaging-6.0.9.jar:/Users/geethaparthasarathy/.m2/repository/org/springframework/amqp/spring-rabbit/3.0.4/spring-rabbit-3.0.4.jar:/Users/geethaparthasarathy/.m2/repository/org/springframework/amqp/spring-amqp/3.0.4/spring-amqp-3.0.4.jar:/Users/geethaparthasarathy/.m2/repository/org/springframework/retry/spring-retry/2.0.1/spring-retry-2.0.1.jar:/Users/geethaparthasarathy/.m2/repository/org/springframework/boot/spring-boot-starter-webflux/3.1.0/spring-boot-starter-webflux-3.1.0.jar:/Users/geethaparthasarathy/.m2/repository/org/springframework/boot/spring-boot-starter-reactor-netty/3.1.0/spring-boot-starter-reactor-netty-3.1.0.jar:/Users/geethaparthasarathy/.m2/repository/io/projectreactor/netty/reactor-netty-http/1.1.7/reactor-netty-http-1.1.7.jar:/Users/geethaparthasarathy/.m2/repository/io/netty/netty-codec-http/4.1.92.Final/netty-codec-http-4.1.92.Final.jar:/Users/geethaparthasarathy/.m2/repository/io/netty/netty-codec-http2/4.1.92.Final/netty-codec-http2-4.1.92.Final.jar:/Users/geethaparthasarathy/.m2/repository/io/netty/netty-resolver-dns/4.1.92.Final/netty-resolver-dns-4.1.92.Final.jar:/Users/geethaparthasarathy/.m2/repository/io/netty/netty-codec-dns/4.1.92.Final/netty-codec-dns-4.1.92.Final.jar:/Users/geethaparthasarathy/.m2/repository/io/netty/netty-resolver-dns-native-macos/4.1.92.Final/netty-resolver-dns-native-macos-4.1.92.Final-osx-x86_64.jar:/Users/geethaparthasarathy/.m2/repository/io/netty/netty-resolver-dns-classes-macos/4.1.92.Final/netty-resolver-dns-classes-macos-4.1.92.Final.jar:/Users/geethaparthasarathy/.m2/repository/io/netty/netty-transport-native-epoll/4.1.92.Final/netty-transport-native-epoll-4.1.92.Final-linux-x86_64.jar:/Users/geethaparthasarathy/.m2/repository/io/netty/netty-transport-classes-epoll/4.1.92.Final/netty-transport-classes-epoll-4.1.92.Final.jar:/Users/geethaparthasarathy/.m2/repository/io/projectreactor/netty/reactor-netty-core/1.1.7/reactor-netty-core-1.1.7.jar:/Users/geethaparthasarathy/.m2/repository/io/netty/netty-handler-proxy/4.1.92.Final/netty-handler-proxy-4.1.92.Final.jar:/Users/geethaparthasarathy/.m2/repository/io/netty/netty-codec-socks/4.1.92.Final/netty-codec-socks-4.1.92.Final.jar:/Users/geethaparthasarathy/.m2/repository/org/springframework/spring-webflux/6.0.9/spring-webflux-6.0.9.jar:/Users/geethaparthasarathy/.m2/repository/io/projectreactor/reactor-core/3.5.6/reactor-core-3.5.6.jar:/Users/geethaparthasarathy/.m2/repository/org/reactivestreams/reactive-streams/1.0.4/reactive-streams-1.0.4.jar:/Users/geethaparthasarathy/.m2/repository/org/elasticsearch/client/elasticsearch-rest-high-level-client/7.15.0/elasticsearch-rest-high-level-client-7.15.0.jar:/Users/geethaparthasarathy/.m2/repository/org/elasticsearch/elasticsearch/7.15.0/elasticsearch-7.15.0.jar:/Users/geethaparthasarathy/.m2/repository/org/elasticsearch/elasticsearch-core/7.15.0/elasticsearch-core-7.15.0.jar:/Users/geethaparthasarathy/.m2/repository/org/elasticsearch/elasticsearch-secure-sm/7.15.0/elasticsearch-secure-sm-7.15.0.jar:/Users/geethaparthasarathy/.m2/repository/org/elasticsearch/elasticsearch-x-content/7.15.0/elasticsearch-x-content-7.15.0.jar:/Users/geethaparthasarathy/.m2/repository/com/fasterxml/jackson/dataformat/jackson-dataformat-smile/2.15.0/jackson-dataformat-smile-2.15.0.jar:/Users/geethaparthasarathy/.m2/repository/com/fasterxml/jackson/dataformat/jackson-dataformat-yaml/2.15.0/jackson-dataformat-yaml-2.15.0.jar:/Users/geethaparthasarathy/.m2/repository/com/fasterxml/jackson/dataformat/jackson-dataformat-cbor/2.15.0/jackson-dataformat-cbor-2.15.0.jar:/Users/geethaparthasarathy/.m2/repository/org/elasticsearch/elasticsearch-geo/7.15.0/elasticsearch-geo-7.15.0.jar:/Users/geethaparthasarathy/.m2/repository/org/apache/lucene/lucene-core/8.9.0/lucene-core-8.9.0.jar:/Users/geethaparthasarathy/.m2/repository/org/apache/lucene/lucene-analyzers-common/8.9.0/lucene-analyzers-common-8.9.0.jar:/Users/geethaparthasarathy/.m2/repository/org/apache/lucene/lucene-backward-codecs/8.9.0/lucene-backward-codecs-8.9.0.jar:/Users/geethaparthasarathy/.m2/repository/org/apache/lucene/lucene-grouping/8.9.0/lucene-grouping-8.9.0.jar:/Users/geethaparthasarathy/.m2/repository/org/apache/lucene/lucene-highlighter/8.9.0/lucene-highlighter-8.9.0.jar:/Users/geethaparthasarathy/.m2/repository/org/apache/lucene/lucene-join/8.9.0/lucene-join-8.9.0.jar:/Users/geethaparthasarathy/.m2/repository/org/apache/lucene/lucene-memory/8.9.0/lucene-memory-8.9.0.jar:/Users/geethaparthasarathy/.m2/repository/org/apache/lucene/lucene-misc/8.9.0/lucene-misc-8.9.0.jar:/Users/geethaparthasarathy/.m2/repository/org/apache/lucene/lucene-queries/8.9.0/lucene-queries-8.9.0.jar:/Users/geethaparthasarathy/.m2/repository/org/apache/lucene/lucene-queryparser/8.9.0/lucene-queryparser-8.9.0.jar:/Users/geethaparthasarathy/.m2/repository/org/apache/lucene/lucene-sandbox/8.9.0/lucene-sandbox-8.9.0.jar:/Users/geethaparthasarathy/.m2/repository/org/apache/lucene/lucene-spatial-extras/8.9.0/lucene-spatial-extras-8.9.0.jar:/Users/geethaparthasarathy/.m2/repository/org/apache/lucene/lucene-spatial3d/8.9.0/lucene-spatial3d-8.9.0.jar:/Users/geethaparthasarathy/.m2/repository/org/apache/lucene/lucene-suggest/8.9.0/lucene-suggest-8.9.0.jar:/Users/geethaparthasarathy/.m2/repository/org/elasticsearch/elasticsearch-cli/7.15.0/elasticsearch-cli-7.15.0.jar:/Users/geethaparthasarathy/.m2/repository/com/carrotsearch/hppc/0.8.1/hppc-0.8.1.jar:/Users/geethaparthasarathy/.m2/repository/org/lz4/lz4-java/1.8.0/lz4-java-1.8.0.jar:/Users/geethaparthasarathy/.m2/repository/com/tdunning/t-digest/3.2/t-digest-3.2.jar:/Users/geethaparthasarathy/.m2/repository/org/hdrhistogram/HdrHistogram/2.1.9/HdrHistogram-2.1.9.jar:/Users/geethaparthasarathy/.m2/repository/org/apache/logging/log4j/log4j-api/2.20.0/log4j-api-2.20.0.jar:/Users/geethaparthasarathy/.m2/repository/org/elasticsearch/jna/5.7.0-1/jna-5.7.0-1.jar:/Users/geethaparthasarathy/.m2/repository/org/elasticsearch/elasticsearch-plugin-classloader/7.15.0/elasticsearch-plugin-classloader-7.15.0.jar:/Users/geethaparthasarathy/.m2/repository/org/elasticsearch/client/elasticsearch-rest-client/8.7.1/elasticsearch-rest-client-8.7.1.jar:/Users/geethaparthasarathy/.m2/repository/org/apache/httpcomponents/httpasyncclient/4.1.5/httpasyncclient-4.1.5.jar:/Users/geethaparthasarathy/.m2/repository/org/apache/httpcomponents/httpcore-nio/4.4.16/httpcore-nio-4.4.16.jar:/Users/geethaparthasarathy/.m2/repository/org/elasticsearch/plugin/mapper-extras-client/7.15.0/mapper-extras-client-7.15.0.jar:/Users/geethaparthasarathy/.m2/repository/org/elasticsearch/plugin/parent-join-client/7.15.0/parent-join-client-7.15.0.jar:/Users/geethaparthasarathy/.m2/repository/org/elasticsearch/plugin/aggs-matrix-stats-client/7.15.0/aggs-matrix-stats-client-7.15.0.jar:/Users/geethaparthasarathy/.m2/repository/org/elasticsearch/plugin/rank-eval-client/7.15.0/rank-eval-client-7.15.0.jar:/Users/geethaparthasarathy/.m2/repository/org/elasticsearch/plugin/lang-mustache-client/7.15.0/lang-mustache-client-7.15.0.jar:/Users/geethaparthasarathy/.m2/repository/com/github/spullara/mustache/java/compiler/0.9.6/compiler-0.9.6.jar:/Users/geethaparthasarathy/.m2/repository/co/elastic/clients/elasticsearch-java/8.5.3/elasticsearch-java-8.5.3.jar:/Users/geethaparthasarathy/.m2/repository/jakarta/json/jakarta.json-api/2.1.1/jakarta.json-api-2.1.1.jar:/Users/geethaparthasarathy/.m2/repository/org/eclipse/parsson/parsson/1.0.0/parsson-1.0.0.jar:/Users/geethaparthasarathy/.m2/repository/org/springframework/boot/spring-boot-starter-data-elasticsearch/3.1.0/spring-boot-starter-data-elasticsearch-3.1.0.jar:/Users/geethaparthasarathy/.m2/repository/org/springframework/data/spring-data-elasticsearch/5.1.0/spring-data-elasticsearch-5.1.0.jar:/Users/geethaparthasarathy/.m2/repository/org/springframework/spring-context/6.0.9/spring-context-6.0.9.jar:/Users/geethaparthasarathy/.m2/repository/org/springframework/spring-tx/6.0.9/spring-tx-6.0.9.jar:/Users/geethaparthasarathy/.m2/repository/org/springframework/data/spring-data-commons/3.1.0/spring-data-commons-3.1.0.jar:/Users/geethaparthasarathy/.m2/repository/com/fasterxml/jackson/core/jackson-core/2.15.0/jackson-core-2.15.0.jar:/Users/geethaparthasarathy/.m2/repository/com/fasterxml/jackson/core/jackson-databind/2.15.0/jackson-databind-2.15.0.jar:/Users/geethaparthasarathy/.m2/repository/com/fasterxml/jackson/core/jackson-annotations/2.15.0/jackson-annotations-2.15.0.jar:/Users/geethaparthasarathy/.m2/repository/org/springframework/boot/spring-boot-starter-data-redis/3.1.0/spring-boot-starter-data-redis-3.1.0.jar:/Users/geethaparthasarathy/.m2/repository/org/springframework/data/spring-data-redis/3.1.0/spring-data-redis-3.1.0.jar:/Users/geethaparthasarathy/.m2/repository/org/springframework/data/spring-data-keyvalue/3.1.0/spring-data-keyvalue-3.1.0.jar:/Users/geethaparthasarathy/.m2/repository/org/springframework/spring-oxm/6.0.9/spring-oxm-6.0.9.jar:/Users/geethaparthasarathy/.m2/repository/org/springframework/spring-context-support/6.0.9/spring-context-support-6.0.9.jar:/Users/geethaparthasarathy/.m2/repository/io/lettuce/lettuce-core/6.2.4.RELEASE/lettuce-core-6.2.4.RELEASE.jar:/Users/geethaparthasarathy/.m2/repository/io/netty/netty-common/4.1.92.Final/netty-common-4.1.92.Final.jar:/Users/geethaparthasarathy/.m2/repository/io/netty/netty-handler/4.1.92.Final/netty-handler-4.1.92.Final.jar:/Users/geethaparthasarathy/.m2/repository/io/netty/netty-resolver/4.1.92.Final/netty-resolver-4.1.92.Final.jar:/Users/geethaparthasarathy/.m2/repository/io/netty/netty-buffer/4.1.92.Final/netty-buffer-4.1.92.Final.jar:/Users/geethaparthasarathy/.m2/repository/io/netty/netty-transport-native-unix-common/4.1.92.Final/netty-transport-native-unix-common-4.1.92.Final.jar:/Users/geethaparthasarathy/.m2/repository/io/netty/netty-codec/4.1.92.Final/netty-codec-4.1.92.Final.jar:/Users/geethaparthasarathy/.m2/repository/io/netty/netty-transport/4.1.92.Final/netty-transport-4.1.92.Final.jar:/Users/geethaparthasarathy/.m2/repository/commons-io/commons-io/2.8.0/commons-io-2.8.0.jar:/Users/geethaparthasarathy/.m2/repository/com/networknt/json-schema-validator/1.0.48/json-schema-validator-1.0.48.jar:/Users/geethaparthasarathy/.m2/repository/org/apache/commons/commons-lang3/3.12.0/commons-lang3-3.12.0.jar:/Users/geethaparthasarathy/.m2/repository/org/springdoc/springdoc-openapi-starter-webmvc-ui/2.0.3/springdoc-openapi-starter-webmvc-ui-2.0.3.jar:/Users/geethaparthasarathy/.m2/repository/org/springdoc/springdoc-openapi-starter-webmvc-api/2.0.3/springdoc-openapi-starter-webmvc-api-2.0.3.jar:/Users/geethaparthasarathy/.m2/repository/org/springdoc/springdoc-openapi-starter-common/2.0.3/springdoc-openapi-starter-common-2.0.3.jar:/Users/geethaparthasarathy/.m2/repository/io/swagger/core/v3/swagger-core-jakarta/2.2.8/swagger-core-jakarta-2.2.8.jar:/Users/geethaparthasarathy/.m2/repository/io/swagger/core/v3/swagger-annotations-jakarta/2.2.8/swagger-annotations-jakarta-2.2.8.jar:/Users/geethaparthasarathy/.m2/repository/io/swagger/core/v3/swagger-models-jakarta/2.2.8/swagger-models-jakarta-2.2.8.jar:/Users/geethaparthasarathy/.m2/repository/jakarta/validation/jakarta.validation-api/3.0.2/jakarta.validation-api-3.0.2.jar:/Users/geethaparthasarathy/.m2/repository/org/webjars/swagger-ui/4.17.1/swagger-ui-4.17.1.jar:/Users/geethaparthasarathy/.m2/repository/org/webjars/webjars-locator-core/0.52/webjars-locator-core-0.52.jar:/Users/geethaparthasarathy/.m2/repository/io/github/classgraph/classgraph/4.8.149/classgraph-4.8.149.jar:/Users/geethaparthasarathy/.m2/repository/redis/clients/jedis/4.3.1/jedis-4.3.1.jar:/Users/geethaparthasarathy/.m2/repository/org/apache/commons/commons-pool2/2.11.1/commons-pool2-2.11.1.jar:/Users/geethaparthasarathy/.m2/repository/org/json/json/20220320/json-20220320.jar:/Users/geethaparthasarathy/.m2/repository/com/google/code/gson/gson/2.10.1/gson-2.10.1.jar:/Users/geethaparthasarathy/.m2/repository/com/google/auth/google-auth-library-oauth2-http/0.20.0/google-auth-library-oauth2-http-0.20.0.jar:/Users/geethaparthasarathy/.m2/repository/com/google/auto/value/auto-value-annotations/1.7/auto-value-annotations-1.7.jar:/Users/geethaparthasarathy/.m2/repository/com/google/auth/google-auth-library-credentials/0.20.0/google-auth-library-credentials-0.20.0.jar:/Users/geethaparthasarathy/.m2/repository/com/google/http-client/google-http-client-jackson2/1.34.0/google-http-client-jackson2-1.34.0.jar:/Users/geethaparthasarathy/.m2/repository/org/springframework/boot/spring-boot-starter-test/3.1.0/spring-boot-starter-test-3.1.0.jar:/Users/geethaparthasarathy/.m2/repository/org/springframework/boot/spring-boot-test/3.1.0/spring-boot-test-3.1.0.jar:/Users/geethaparthasarathy/.m2/repository/org/springframework/boot/spring-boot-test-autoconfigure/3.1.0/spring-boot-test-autoconfigure-3.1.0.jar:/Users/geethaparthasarathy/.m2/repository/com/jayway/jsonpath/json-path/2.8.0/json-path-2.8.0.jar:/Users/geethaparthasarathy/.m2/repository/jakarta/xml/bind/jakarta.xml.bind-api/4.0.0/jakarta.xml.bind-api-4.0.0.jar:/Users/geethaparthasarathy/.m2/repository/jakarta/activation/jakarta.activation-api/2.1.2/jakarta.activation-api-2.1.2.jar:/Users/geethaparthasarathy/.m2/repository/net/minidev/json-smart/2.4.10/json-smart-2.4.10.jar:/Users/geethaparthasarathy/.m2/repository/net/minidev/accessors-smart/2.4.9/accessors-smart-2.4.9.jar:/Users/geethaparthasarathy/.m2/repository/org/ow2/asm/asm/9.3/asm-9.3.jar:/Users/geethaparthasarathy/.m2/repository/org/assertj/assertj-core/3.24.2/assertj-core-3.24.2.jar:/Users/geethaparthasarathy/.m2/repository/net/bytebuddy/byte-buddy/1.14.4/byte-buddy-1.14.4.jar:/Users/geethaparthasarathy/.m2/repository/org/hamcrest/hamcrest/2.2/hamcrest-2.2.jar:/Users/geethaparthasarathy/.m2/repository/org/junit/jupiter/junit-jupiter/5.9.3/junit-jupiter-5.9.3.jar:/Users/geethaparthasarathy/.m2/repository/org/junit/jupiter/junit-jupiter-api/5.9.3/junit-jupiter-api-5.9.3.jar:/Users/geethaparthasarathy/.m2/repository/org/opentest4j/opentest4j/1.2.0/opentest4j-1.2.0.jar:/Users/geethaparthasarathy/.m2/repository/org/junit/platform/junit-platform-commons/1.9.3/junit-platform-commons-1.9.3.jar:/Users/geethaparthasarathy/.m2/repository/org/apiguardian/apiguardian-api/1.1.2/apiguardian-api-1.1.2.jar:/Users/geethaparthasarathy/.m2/repository/org/junit/jupiter/junit-jupiter-params/5.9.3/junit-jupiter-params-5.9.3.jar:/Users/geethaparthasarathy/.m2/repository/org/junit/jupiter/junit-jupiter-engine/5.9.3/junit-jupiter-engine-5.9.3.jar:/Users/geethaparthasarathy/.m2/repository/org/junit/platform/junit-platform-engine/1.9.3/junit-platform-engine-1.9.3.jar:/Users/geethaparthasarathy/.m2/repository/org/mockito/mockito-core/5.3.1/mockito-core-5.3.1.jar:/Users/geethaparthasarathy/.m2/repository/net/bytebuddy/byte-buddy-agent/1.14.4/byte-buddy-agent-1.14.4.jar:/Users/geethaparthasarathy/.m2/repository/org/objenesis/objenesis/3.3/objenesis-3.3.jar:/Users/geethaparthasarathy/.m2/repository/org/mockito/mockito-junit-jupiter/5.3.1/mockito-junit-jupiter-5.3.1.jar:/Users/geethaparthasarathy/.m2/repository/org/skyscreamer/jsonassert/1.5.1/jsonassert-1.5.1.jar:/Users/geethaparthasarathy/.m2/repository/com/vaadin/external/google/android-json/0.0.20131108.vaadin1/android-json-0.0.20131108.vaadin1.jar:/Users/geethaparthasarathy/.m2/repository/org/springframework/spring-core/6.0.9/spring-core-6.0.9.jar:/Users/geethaparthasarathy/.m2/repository/org/springframework/spring-jcl/6.0.9/spring-jcl-6.0.9.jar:/Users/geethaparthasarathy/.m2/repository/org/springframework/spring-test/6.0.9/spring-test-6.0.9.jar:/Users/geethaparthasarathy/.m2/repository/org/xmlunit/xmlunit-core/2.9.1/xmlunit-core-2.9.1.jar:"/>
    <property name="java.vm.vendor" value="Oracle Corporation"/>
    <property name="sun.arch.data.model" value="64"/>
    <property name="java.vendor.url" value="https://java.oracle.com/"/>
    <property name="user.timezone" value="America/New_York"/>
    <property name="os.name" value="Mac OS X"/>
    <property name="java.vm.specification.version" value="18"/>
    <property name="sun.java.launcher" value="SUN_STANDARD"/>
    <property name="user.country" value="US"/>
    <property name="sun.boot.library.path" value="/Users/geethaparthasarathy/Library/Java/JavaVirtualMachines/openjdk-18.0.2.1/Contents/Home/lib"/>
    <property name="sun.java.command" value="/Users/geethaparthasarathy/Downloads/InsurancePlan 2/target/surefire/surefirebooter-20230804015602984_3.jar /Users/geethaparthasarathy/Downloads/InsurancePlan 2/target/surefire 2023-08-04T01-56-02_566-jvmRun1 surefire-20230804015602984_1tmp surefire_0-20230804015602984_2tmp"/>
    <property name="http.nonProxyHosts" value="local|*.local|169.254/16|*.169.254/16"/>
    <property name="jdk.debug" value="release"/>
    <property name="surefire.test.class.path" value="/Users/geethaparthasarathy/Downloads/InsurancePlan 2/target/test-classes:/Users/geethaparthasarathy/Downloads/InsurancePlan 2/target/classes:/Users/geethaparthasarathy/.m2/repository/org/springframework/boot/spring-boot-starter-web/3.1.0/spring-boot-starter-web-3.1.0.jar:/Users/geethaparthasarathy/.m2/repository/org/springframework/boot/spring-boot-starter/3.1.0/spring-boot-starter-3.1.0.jar:/Users/geethaparthasarathy/.m2/repository/org/springframework/boot/spring-boot/3.1.0/spring-boot-3.1.0.jar:/Users/geethaparthasarathy/.m2/repository/org/springframework/boot/spring-boot-autoconfigure/3.1.0/spring-boot-autoconfigure-3.1.0.jar:/Users/geethaparthasarathy/.m2/repository/org/springframework/boot/spring-boot-starter-logging/3.1.0/spring-boot-starter-logging-3.1.0.jar:/Users/geethaparthasarathy/.m2/repository/ch/qos/logback/logback-classic/1.4.7/logback-classic-1.4.7.jar:/Users/geethaparthasarathy/.m2/repository/ch/qos/logback/logback-core/1.4.7/logback-core-1.4.7.jar:/Users/geethaparthasarathy/.m2/repository/org/apache/logging/log4j/log4j-to-slf4j/2.20.0/log4j-to-slf4j-2.20.0.jar:/Users/geethaparthasarathy/.m2/repository/org/slf4j/jul-to-slf4j/2.0.7/jul-to-slf4j-2.0.7.jar:/Users/geethaparthasarathy/.m2/repository/jakarta/annotation/jakarta.annotation-api/2.1.1/jakarta.annotation-api-2.1.1.jar:/Users/geethaparthasarathy/.m2/repository/org/yaml/snakeyaml/1.33/snakeyaml-1.33.jar:/Users/geethaparthasarathy/.m2/repository/org/springframework/boot/spring-boot-starter-json/3.1.0/spring-boot-starter-json-3.1.0.jar:/Users/geethaparthasarathy/.m2/repository/com/fasterxml/jackson/datatype/jackson-datatype-jdk8/2.15.0/jackson-datatype-jdk8-2.15.0.jar:/Users/geethaparthasarathy/.m2/repository/com/fasterxml/jackson/datatype/jackson-datatype-jsr310/2.15.0/jackson-datatype-jsr310-2.15.0.jar:/Users/geethaparthasarathy/.m2/repository/com/fasterxml/jackson/module/jackson-module-parameter-names/2.15.0/jackson-module-parameter-names-2.15.0.jar:/Users/geethaparthasarathy/.m2/repository/org/springframework/boot/spring-boot-starter-tomcat/3.1.0/spring-boot-starter-tomcat-3.1.0.jar:/Users/geethaparthasarathy/.m2/repository/org/apache/tomcat/embed/tomcat-embed-core/10.1.8/tomcat-embed-core-10.1.8.jar:/Users/geethaparthasarathy/.m2/repository/org/apache/tomcat/embed/tomcat-embed-el/10.1.8/tomcat-embed-el-10.1.8.jar:/Users/geethaparthasarathy/.m2/repository/org/apache/tomcat/embed/tomcat-embed-websocket/10.1.8/tomcat-embed-websocket-10.1.8.jar:/Users/geethaparthasarathy/.m2/repository/org/springframework/spring-web/6.0.9/spring-web-6.0.9.jar:/Users/geethaparthasarathy/.m2/repository/org/springframework/spring-beans/6.0.9/spring-beans-6.0.9.jar:/Users/geethaparthasarathy/.m2/repository/io/micrometer/micrometer-observation/1.11.0/micrometer-observation-1.11.0.jar:/Users/geethaparthasarathy/.m2/repository/io/micrometer/micrometer-commons/1.11.0/micrometer-commons-1.11.0.jar:/Users/geethaparthasarathy/.m2/repository/org/springframework/spring-webmvc/6.0.9/spring-webmvc-6.0.9.jar:/Users/geethaparthasarathy/.m2/repository/org/springframework/spring-aop/6.0.9/spring-aop-6.0.9.jar:/Users/geethaparthasarathy/.m2/repository/org/springframework/spring-expression/6.0.9/spring-expression-6.0.9.jar:/Users/geethaparthasarathy/.m2/repository/javax/servlet/javax.servlet-api/4.0.1/javax.servlet-api-4.0.1.jar:/Users/geethaparthasarathy/.m2/repository/com/google/api-client/google-api-client/1.32.1/google-api-client-1.32.1.jar:/Users/geethaparthasarathy/.m2/repository/com/google/oauth-client/google-oauth-client/1.31.5/google-oauth-client-1.31.5.jar:/Users/geethaparthasarathy/.m2/repository/com/google/http-client/google-http-client-gson/1.39.2/google-http-client-gson-1.39.2.jar:/Users/geethaparthasarathy/.m2/repository/com/google/guava/guava/30.1.1-android/guava-30.1.1-android.jar:/Users/geethaparthasarathy/.m2/repository/com/google/guava/failureaccess/1.0.1/failureaccess-1.0.1.jar:/Users/geethaparthasarathy/.m2/repository/com/google/guava/listenablefuture/9999.0-empty-to-avoid-conflict-with-guava/listenablefuture-9999.0-empty-to-avoid-conflict-with-guava.jar:/Users/geethaparthasarathy/.m2/repository/org/checkerframework/checker-compat-qual/2.5.5/checker-compat-qual-2.5.5.jar:/Users/geethaparthasarathy/.m2/repository/com/google/errorprone/error_prone_annotations/2.5.1/error_prone_annotations-2.5.1.jar:/Users/geethaparthasarathy/.m2/repository/com/google/j2objc/j2objc-annotations/1.3/j2objc-annotations-1.3.jar:/Users/geethaparthasarathy/.m2/repository/com/google/http-client/google-http-client-apache-v2/1.39.2/google-http-client-apache-v2-1.39.2.jar:/Users/geethaparthasarathy/.m2/repository/org/apache/httpcomponents/httpcore/4.4.16/httpcore-4.4.16.jar:/Users/geethaparthasarathy/.m2/repository/org/apache/httpcomponents/httpclient/4.5.13/httpclient-4.5.13.jar:/Users/geethaparthasarathy/.m2/repository/commons-logging/commons-logging/1.2/commons-logging-1.2.jar:/Users/geethaparthasarathy/.m2/repository/commons-codec/commons-codec/1.15/commons-codec-1.15.jar:/Users/geethaparthasarathy/.m2/repository/com/google/http-client/google-http-client/1.39.2/google-http-client-1.39.2.jar:/Users/geethaparthasarathy/.m2/repository/io/opencensus/opencensus-api/0.28.0/opencensus-api-0.28.0.jar:/Users/geethaparthasarathy/.m2/repository/io/grpc/grpc-context/1.27.2/grpc-context-1.27.2.jar:/Users/geethaparthasarathy/.m2/repository/io/opencensus/opencensus-contrib-http-util/0.28.0/opencensus-contrib-http-util-0.28.0.jar:/Users/geethaparthasarathy/.m2/repository/com/github/java-json-tools/json-schema-core/1.2.10/json-schema-core-1.2.10.jar:/Users/geethaparthasarathy/.m2/repository/com/github/java-json-tools/jackson-coreutils/1.9/jackson-coreutils-1.9.jar:/Users/geethaparthasarathy/.m2/repository/com/github/fge/msg-simple/1.1/msg-simple-1.1.jar:/Users/geethaparthasarathy/.m2/repository/com/github/fge/btf/1.2/btf-1.2.jar:/Users/geethaparthasarathy/.m2/repository/com/github/fge/uri-template/0.9/uri-template-0.9.jar:/Users/geethaparthasarathy/.m2/repository/org/mozilla/rhino/1.7.7.1/rhino-1.7.7.1.jar:/Users/geethaparthasarathy/.m2/repository/com/google/code/findbugs/jsr305/3.0.1/jsr305-3.0.1.jar:/Users/geethaparthasarathy/.m2/repository/com/github/java-json-tools/json-schema-validator/2.2.10/json-schema-validator-2.2.10.jar:/Users/geethaparthasarathy/.m2/repository/javax/mail/mailapi/1.4.3/mailapi-1.4.3.jar:/Users/geethaparthasarathy/.m2/repository/javax/activation/activation/1.1/activation-1.1.jar:/Users/geethaparthasarathy/.m2/repository/joda-time/joda-time/2.9.7/joda-time-2.9.7.jar:/Users/geethaparthasarathy/.m2/repository/com/googlecode/libphonenumber/libphonenumber/8.0.0/libphonenumber-8.0.0.jar:/Users/geethaparthasarathy/.m2/repository/net/sf/jopt-simple/jopt-simple/5.0.3/jopt-simple-5.0.3.jar:/Users/geethaparthasarathy/.m2/repository/com/rabbitmq/amqp-client/5.8.0/amqp-client-5.8.0.jar:/Users/geethaparthasarathy/.m2/repository/org/slf4j/slf4j-api/2.0.7/slf4j-api-2.0.7.jar:/Users/geethaparthasarathy/.m2/repository/org/springframework/boot/spring-boot-starter-amqp/3.1.0/spring-boot-starter-amqp-3.1.0.jar:/Users/geethaparthasarathy/.m2/repository/org/springframework/spring-messaging/6.0.9/spring-messaging-6.0.9.jar:/Users/geethaparthasarathy/.m2/repository/org/springframework/amqp/spring-rabbit/3.0.4/spring-rabbit-3.0.4.jar:/Users/geethaparthasarathy/.m2/repository/org/springframework/amqp/spring-amqp/3.0.4/spring-amqp-3.0.4.jar:/Users/geethaparthasarathy/.m2/repository/org/springframework/retry/spring-retry/2.0.1/spring-retry-2.0.1.jar:/Users/geethaparthasarathy/.m2/repository/org/springframework/boot/spring-boot-starter-webflux/3.1.0/spring-boot-starter-webflux-3.1.0.jar:/Users/geethaparthasarathy/.m2/repository/org/springframework/boot/spring-boot-starter-reactor-netty/3.1.0/spring-boot-starter-reactor-netty-3.1.0.jar:/Users/geethaparthasarathy/.m2/repository/io/projectreactor/netty/reactor-netty-http/1.1.7/reactor-netty-http-1.1.7.jar:/Users/geethaparthasarathy/.m2/repository/io/netty/netty-codec-http/4.1.92.Final/netty-codec-http-4.1.92.Final.jar:/Users/geethaparthasarathy/.m2/repository/io/netty/netty-codec-http2/4.1.92.Final/netty-codec-http2-4.1.92.Final.jar:/Users/geethaparthasarathy/.m2/repository/io/netty/netty-resolver-dns/4.1.92.Final/netty-resolver-dns-4.1.92.Final.jar:/Users/geethaparthasarathy/.m2/repository/io/netty/netty-codec-dns/4.1.92.Final/netty-codec-dns-4.1.92.Final.jar:/Users/geethaparthasarathy/.m2/repository/io/netty/netty-resolver-dns-native-macos/4.1.92.Final/netty-resolver-dns-native-macos-4.1.92.Final-osx-x86_64.jar:/Users/geethaparthasarathy/.m2/repository/io/netty/netty-resolver-dns-classes-macos/4.1.92.Final/netty-resolver-dns-classes-macos-4.1.92.Final.jar:/Users/geethaparthasarathy/.m2/repository/io/netty/netty-transport-native-epoll/4.1.92.Final/netty-transport-native-epoll-4.1.92.Final-linux-x86_64.jar:/Users/geethaparthasarathy/.m2/repository/io/netty/netty-transport-classes-epoll/4.1.92.Final/netty-transport-classes-epoll-4.1.92.Final.jar:/Users/geethaparthasarathy/.m2/repository/io/projectreactor/netty/reactor-netty-core/1.1.7/reactor-netty-core-1.1.7.jar:/Users/geethaparthasarathy/.m2/repository/io/netty/netty-handler-proxy/4.1.92.Final/netty-handler-proxy-4.1.92.Final.jar:/Users/geethaparthasarathy/.m2/repository/io/netty/netty-codec-socks/4.1.92.Final/netty-codec-socks-4.1.92.Final.jar:/Users/geethaparthasarathy/.m2/repository/org/springframework/spring-webflux/6.0.9/spring-webflux-6.0.9.jar:/Users/geethaparthasarathy/.m2/repository/io/projectreactor/reactor-core/3.5.6/reactor-core-3.5.6.jar:/Users/geethaparthasarathy/.m2/repository/org/reactivestreams/reactive-streams/1.0.4/reactive-streams-1.0.4.jar:/Users/geethaparthasarathy/.m2/repository/org/elasticsearch/client/elasticsearch-rest-high-level-client/7.15.0/elasticsearch-rest-high-level-client-7.15.0.jar:/Users/geethaparthasarathy/.m2/repository/org/elasticsearch/elasticsearch/7.15.0/elasticsearch-7.15.0.jar:/Users/geethaparthasarathy/.m2/repository/org/elasticsearch/elasticsearch-core/7.15.0/elasticsearch-core-7.15.0.jar:/Users/geethaparthasarathy/.m2/repository/org/elasticsearch/elasticsearch-secure-sm/7.15.0/elasticsearch-secure-sm-7.15.0.jar:/Users/geethaparthasarathy/.m2/repository/org/elasticsearch/elasticsearch-x-content/7.15.0/elasticsearch-x-content-7.15.0.jar:/Users/geethaparthasarathy/.m2/repository/com/fasterxml/jackson/dataformat/jackson-dataformat-smile/2.15.0/jackson-dataformat-smile-2.15.0.jar:/Users/geethaparthasarathy/.m2/repository/com/fasterxml/jackson/dataformat/jackson-dataformat-yaml/2.15.0/jackson-dataformat-yaml-2.15.0.jar:/Users/geethaparthasarathy/.m2/repository/com/fasterxml/jackson/dataformat/jackson-dataformat-cbor/2.15.0/jackson-dataformat-cbor-2.15.0.jar:/Users/geethaparthasarathy/.m2/repository/org/elasticsearch/elasticsearch-geo/7.15.0/elasticsearch-geo-7.15.0.jar:/Users/geethaparthasarathy/.m2/repository/org/apache/lucene/lucene-core/8.9.0/lucene-core-8.9.0.jar:/Users/geethaparthasarathy/.m2/repository/org/apache/lucene/lucene-analyzers-common/8.9.0/lucene-analyzers-common-8.9.0.jar:/Users/geethaparthasarathy/.m2/repository/org/apache/lucene/lucene-backward-codecs/8.9.0/lucene-backward-codecs-8.9.0.jar:/Users/geethaparthasarathy/.m2/repository/org/apache/lucene/lucene-grouping/8.9.0/lucene-grouping-8.9.0.jar:/Users/geethaparthasarathy/.m2/repository/org/apache/lucene/lucene-highlighter/8.9.0/lucene-highlighter-8.9.0.jar:/Users/geethaparthasarathy/.m2/repository/org/apache/lucene/lucene-join/8.9.0/lucene-join-8.9.0.jar:/Users/geethaparthasarathy/.m2/repository/org/apache/lucene/lucene-memory/8.9.0/lucene-memory-8.9.0.jar:/Users/geethaparthasarathy/.m2/repository/org/apache/lucene/lucene-misc/8.9.0/lucene-misc-8.9.0.jar:/Users/geethaparthasarathy/.m2/repository/org/apache/lucene/lucene-queries/8.9.0/lucene-queries-8.9.0.jar:/Users/geethaparthasarathy/.m2/repository/org/apache/lucene/lucene-queryparser/8.9.0/lucene-queryparser-8.9.0.jar:/Users/geethaparthasarathy/.m2/repository/org/apache/lucene/lucene-sandbox/8.9.0/lucene-sandbox-8.9.0.jar:/Users/geethaparthasarathy/.m2/repository/org/apache/lucene/lucene-spatial-extras/8.9.0/lucene-spatial-extras-8.9.0.jar:/Users/geethaparthasarathy/.m2/repository/org/apache/lucene/lucene-spatial3d/8.9.0/lucene-spatial3d-8.9.0.jar:/Users/geethaparthasarathy/.m2/repository/org/apache/lucene/lucene-suggest/8.9.0/lucene-suggest-8.9.0.jar:/Users/geethaparthasarathy/.m2/repository/org/elasticsearch/elasticsearch-cli/7.15.0/elasticsearch-cli-7.15.0.jar:/Users/geethaparthasarathy/.m2/repository/com/carrotsearch/hppc/0.8.1/hppc-0.8.1.jar:/Users/geethaparthasarathy/.m2/repository/org/lz4/lz4-java/1.8.0/lz4-java-1.8.0.jar:/Users/geethaparthasarathy/.m2/repository/com/tdunning/t-digest/3.2/t-digest-3.2.jar:/Users/geethaparthasarathy/.m2/repository/org/hdrhistogram/HdrHistogram/2.1.9/HdrHistogram-2.1.9.jar:/Users/geethaparthasarathy/.m2/repository/org/apache/logging/log4j/log4j-api/2.20.0/log4j-api-2.20.0.jar:/Users/geethaparthasarathy/.m2/repository/org/elasticsearch/jna/5.7.0-1/jna-5.7.0-1.jar:/Users/geethaparthasarathy/.m2/repository/org/elasticsearch/elasticsearch-plugin-classloader/7.15.0/elasticsearch-plugin-classloader-7.15.0.jar:/Users/geethaparthasarathy/.m2/repository/org/elasticsearch/client/elasticsearch-rest-client/8.7.1/elasticsearch-rest-client-8.7.1.jar:/Users/geethaparthasarathy/.m2/repository/org/apache/httpcomponents/httpasyncclient/4.1.5/httpasyncclient-4.1.5.jar:/Users/geethaparthasarathy/.m2/repository/org/apache/httpcomponents/httpcore-nio/4.4.16/httpcore-nio-4.4.16.jar:/Users/geethaparthasarathy/.m2/repository/org/elasticsearch/plugin/mapper-extras-client/7.15.0/mapper-extras-client-7.15.0.jar:/Users/geethaparthasarathy/.m2/repository/org/elasticsearch/plugin/parent-join-client/7.15.0/parent-join-client-7.15.0.jar:/Users/geethaparthasarathy/.m2/repository/org/elasticsearch/plugin/aggs-matrix-stats-client/7.15.0/aggs-matrix-stats-client-7.15.0.jar:/Users/geethaparthasarathy/.m2/repository/org/elasticsearch/plugin/rank-eval-client/7.15.0/rank-eval-client-7.15.0.jar:/Users/geethaparthasarathy/.m2/repository/org/elasticsearch/plugin/lang-mustache-client/7.15.0/lang-mustache-client-7.15.0.jar:/Users/geethaparthasarathy/.m2/repository/com/github/spullara/mustache/java/compiler/0.9.6/compiler-0.9.6.jar:/Users/geethaparthasarathy/.m2/repository/co/elastic/clients/elasticsearch-java/8.5.3/elasticsearch-java-8.5.3.jar:/Users/geethaparthasarathy/.m2/repository/jakarta/json/jakarta.json-api/2.1.1/jakarta.json-api-2.1.1.jar:/Users/geethaparthasarathy/.m2/repository/org/eclipse/parsson/parsson/1.0.0/parsson-1.0.0.jar:/Users/geethaparthasarathy/.m2/repository/org/springframework/boot/spring-boot-starter-data-elasticsearch/3.1.0/spring-boot-starter-data-elasticsearch-3.1.0.jar:/Users/geethaparthasarathy/.m2/repository/org/springframework/data/spring-data-elasticsearch/5.1.0/spring-data-elasticsearch-5.1.0.jar:/Users/geethaparthasarathy/.m2/repository/org/springframework/spring-context/6.0.9/spring-context-6.0.9.jar:/Users/geethaparthasarathy/.m2/repository/org/springframework/spring-tx/6.0.9/spring-tx-6.0.9.jar:/Users/geethaparthasarathy/.m2/repository/org/springframework/data/spring-data-commons/3.1.0/spring-data-commons-3.1.0.jar:/Users/geethaparthasarathy/.m2/repository/com/fasterxml/jackson/core/jackson-core/2.15.0/jackson-core-2.15.0.jar:/Users/geethaparthasarathy/.m2/repository/com/fasterxml/jackson/core/jackson-databind/2.15.0/jackson-databind-2.15.0.jar:/Users/geethaparthasarathy/.m2/repository/com/fasterxml/jackson/core/jackson-annotations/2.15.0/jackson-annotations-2.15.0.jar:/Users/geethaparthasarathy/.m2/repository/org/springframework/boot/spring-boot-starter-data-redis/3.1.0/spring-boot-starter-data-redis-3.1.0.jar:/Users/geethaparthasarathy/.m2/repository/org/springframework/data/spring-data-redis/3.1.0/spring-data-redis-3.1.0.jar:/Users/geethaparthasarathy/.m2/repository/org/springframework/data/spring-data-keyvalue/3.1.0/spring-data-keyvalue-3.1.0.jar:/Users/geethaparthasarathy/.m2/repository/org/springframework/spring-oxm/6.0.9/spring-oxm-6.0.9.jar:/Users/geethaparthasarathy/.m2/repository/org/springframework/spring-context-support/6.0.9/spring-context-support-6.0.9.jar:/Users/geethaparthasarathy/.m2/repository/io/lettuce/lettuce-core/6.2.4.RELEASE/lettuce-core-6.2.4.RELEASE.jar:/Users/geethaparthasarathy/.m2/repository/io/netty/netty-common/4.1.92.Final/netty-common-4.1.92.Final.jar:/Users/geethaparthasarathy/.m2/repository/io/netty/netty-handler/4.1.92.Final/netty-handler-4.1.92.Final.jar:/Users/geethaparthasarathy/.m2/repository/io/netty/netty-resolver/4.1.92.Final/netty-resolver-4.1.92.Final.jar:/Users/geethaparthasarathy/.m2/repository/io/netty/netty-buffer/4.1.92.Final/netty-buffer-4.1.92.Final.jar:/Users/geethaparthasarathy/.m2/repository/io/netty/netty-transport-native-unix-common/4.1.92.Final/netty-transport-native-unix-common-4.1.92.Final.jar:/Users/geethaparthasarathy/.m2/repository/io/netty/netty-codec/4.1.92.Final/netty-codec-4.1.92.Final.jar:/Users/geethaparthasarathy/.m2/repository/io/netty/netty-transport/4.1.92.Final/netty-transport-4.1.92.Final.jar:/Users/geethaparthasarathy/.m2/repository/commons-io/commons-io/2.8.0/commons-io-2.8.0.jar:/Users/geethaparthasarathy/.m2/repository/com/networknt/json-schema-validator/1.0.48/json-schema-validator-1.0.48.jar:/Users/geethaparthasarathy/.m2/repository/org/apache/commons/commons-lang3/3.12.0/commons-lang3-3.12.0.jar:/Users/geethaparthasarathy/.m2/repository/org/springdoc/springdoc-openapi-starter-webmvc-ui/2.0.3/springdoc-openapi-starter-webmvc-ui-2.0.3.jar:/Users/geethaparthasarathy/.m2/repository/org/springdoc/springdoc-openapi-starter-webmvc-api/2.0.3/springdoc-openapi-starter-webmvc-api-2.0.3.jar:/Users/geethaparthasarathy/.m2/repository/org/springdoc/springdoc-openapi-starter-common/2.0.3/springdoc-openapi-starter-common-2.0.3.jar:/Users/geethaparthasarathy/.m2/repository/io/swagger/core/v3/swagger-core-jakarta/2.2.8/swagger-core-jakarta-2.2.8.jar:/Users/geethaparthasarathy/.m2/repository/io/swagger/core/v3/swagger-annotations-jakarta/2.2.8/swagger-annotations-jakarta-2.2.8.jar:/Users/geethaparthasarathy/.m2/repository/io/swagger/core/v3/swagger-models-jakarta/2.2.8/swagger-models-jakarta-2.2.8.jar:/Users/geethaparthasarathy/.m2/repository/jakarta/validation/jakarta.validation-api/3.0.2/jakarta.validation-api-3.0.2.jar:/Users/geethaparthasarathy/.m2/repository/org/webjars/swagger-ui/4.17.1/swagger-ui-4.17.1.jar:/Users/geethaparthasarathy/.m2/repository/org/webjars/webjars-locator-core/0.52/webjars-locator-core-0.52.jar:/Users/geethaparthasarathy/.m2/repository/io/github/classgraph/classgraph/4.8.149/classgraph-4.8.149.jar:/Users/geethaparthasarathy/.m2/repository/redis/clients/jedis/4.3.1/jedis-4.3.1.jar:/Users/geethaparthasarathy/.m2/repository/org/apache/commons/commons-pool2/2.11.1/commons-pool2-2.11.1.jar:/Users/geethaparthasarathy/.m2/repository/org/json/json/20220320/json-20220320.jar:/Users/geethaparthasarathy/.m2/repository/com/google/code/gson/gson/2.10.1/gson-2.10.1.jar:/Users/geethaparthasarathy/.m2/repository/com/google/auth/google-auth-library-oauth2-http/0.20.0/google-auth-library-oauth2-http-0.20.0.jar:/Users/geethaparthasarathy/.m2/repository/com/google/auto/value/auto-value-annotations/1.7/auto-value-annotations-1.7.jar:/Users/geethaparthasarathy/.m2/repository/com/google/auth/google-auth-library-credentials/0.20.0/google-auth-library-credentials-0.20.0.jar:/Users/geethaparthasarathy/.m2/repository/com/google/http-client/google-http-client-jackson2/1.34.0/google-http-client-jackson2-1.34.0.jar:/Users/geethaparthasarathy/.m2/repository/org/springframework/boot/spring-boot-starter-test/3.1.0/spring-boot-starter-test-3.1.0.jar:/Users/geethaparthasarathy/.m2/repository/org/springframework/boot/spring-boot-test/3.1.0/spring-boot-test-3.1.0.jar:/Users/geethaparthasarathy/.m2/repository/org/springframework/boot/spring-boot-test-autoconfigure/3.1.0/spring-boot-test-autoconfigure-3.1.0.jar:/Users/geethaparthasarathy/.m2/repository/com/jayway/jsonpath/json-path/2.8.0/json-path-2.8.0.jar:/Users/geethaparthasarathy/.m2/repository/jakarta/xml/bind/jakarta.xml.bind-api/4.0.0/jakarta.xml.bind-api-4.0.0.jar:/Users/geethaparthasarathy/.m2/repository/jakarta/activation/jakarta.activation-api/2.1.2/jakarta.activation-api-2.1.2.jar:/Users/geethaparthasarathy/.m2/repository/net/minidev/json-smart/2.4.10/json-smart-2.4.10.jar:/Users/geethaparthasarathy/.m2/repository/net/minidev/accessors-smart/2.4.9/accessors-smart-2.4.9.jar:/Users/geethaparthasarathy/.m2/repository/org/ow2/asm/asm/9.3/asm-9.3.jar:/Users/geethaparthasarathy/.m2/repository/org/assertj/assertj-core/3.24.2/assertj-core-3.24.2.jar:/Users/geethaparthasarathy/.m2/repository/net/bytebuddy/byte-buddy/1.14.4/byte-buddy-1.14.4.jar:/Users/geethaparthasarathy/.m2/repository/org/hamcrest/hamcrest/2.2/hamcrest-2.2.jar:/Users/geethaparthasarathy/.m2/repository/org/junit/jupiter/junit-jupiter/5.9.3/junit-jupiter-5.9.3.jar:/Users/geethaparthasarathy/.m2/repository/org/junit/jupiter/junit-jupiter-api/5.9.3/junit-jupiter-api-5.9.3.jar:/Users/geethaparthasarathy/.m2/repository/org/opentest4j/opentest4j/1.2.0/opentest4j-1.2.0.jar:/Users/geethaparthasarathy/.m2/repository/org/junit/platform/junit-platform-commons/1.9.3/junit-platform-commons-1.9.3.jar:/Users/geethaparthasarathy/.m2/repository/org/apiguardian/apiguardian-api/1.1.2/apiguardian-api-1.1.2.jar:/Users/geethaparthasarathy/.m2/repository/org/junit/jupiter/junit-jupiter-params/5.9.3/junit-jupiter-params-5.9.3.jar:/Users/geethaparthasarathy/.m2/repository/org/junit/jupiter/junit-jupiter-engine/5.9.3/junit-jupiter-engine-5.9.3.jar:/Users/geethaparthasarathy/.m2/repository/org/junit/platform/junit-platform-engine/1.9.3/junit-platform-engine-1.9.3.jar:/Users/geethaparthasarathy/.m2/repository/org/mockito/mockito-core/5.3.1/mockito-core-5.3.1.jar:/Users/geethaparthasarathy/.m2/repository/net/bytebuddy/byte-buddy-agent/1.14.4/byte-buddy-agent-1.14.4.jar:/Users/geethaparthasarathy/.m2/repository/org/objenesis/objenesis/3.3/objenesis-3.3.jar:/Users/geethaparthasarathy/.m2/repository/org/mockito/mockito-junit-jupiter/5.3.1/mockito-junit-jupiter-5.3.1.jar:/Users/geethaparthasarathy/.m2/repository/org/skyscreamer/jsonassert/1.5.1/jsonassert-1.5.1.jar:/Users/geethaparthasarathy/.m2/repository/com/vaadin/external/google/android-json/0.0.20131108.vaadin1/android-json-0.0.20131108.vaadin1.jar:/Users/geethaparthasarathy/.m2/repository/org/springframework/spring-core/6.0.9/spring-core-6.0.9.jar:/Users/geethaparthasarathy/.m2/repository/org/springframework/spring-jcl/6.0.9/spring-jcl-6.0.9.jar:/Users/geethaparthasarathy/.m2/repository/org/springframework/spring-test/6.0.9/spring-test-6.0.9.jar:/Users/geethaparthasarathy/.m2/repository/org/xmlunit/xmlunit-core/2.9.1/xmlunit-core-2.9.1.jar:"/>
    <property name="sun.cpu.endian" value="little"/>
    <property name="user.home" value="/Users/geethaparthasarathy"/>
    <property name="user.language" value="en"/>
    <property name="java.specification.vendor" value="Oracle Corporation"/>
    <property name="java.version.date" value="2022-08-18"/>
    <property name="java.home" value="/Users/geethaparthasarathy/Library/Java/JavaVirtualMachines/openjdk-18.0.2.1/Contents/Home"/>
    <property name="file.separator" value="/"/>
    <property name="basedir" value="/Users/geethaparthasarathy/Downloads/InsurancePlan 2"/>
    <property name="java.vm.compressedOopsMode" value="Zero based"/>
    <property name="line.separator" value="&#10;"/>
    <property name="java.vm.specification.vendor" value="Oracle Corporation"/>
    <property name="java.specification.name" value="Java Platform API Specification"/>
    <property name="apple.awt.application.name" value="ForkedBooter"/>
    <property name="surefire.real.class.path" value="/Users/geethaparthasarathy/Downloads/InsurancePlan 2/target/surefire/surefirebooter-20230804015602984_3.jar"/>
    <property name="sun.management.compiler" value="HotSpot 64-Bit Tiered Compilers"/>
    <property name="ftp.nonProxyHosts" value="local|*.local|169.254/16|*.169.254/16"/>
    <property name="java.runtime.version" value="18.0.2.1+1-1"/>
    <property name="user.name" value="geethaparthasarathy"/>
    <property name="path.separator" value=":"/>
    <property name="os.version" value="13.0.1"/>
    <property name="java.runtime.name" value="OpenJDK Runtime Environment"/>
    <property name="file.encoding" value="UTF-8"/>
    <property name="java.vm.name" value="OpenJDK 64-Bit Server VM"/>
    <property name="localRepository" value="/Users/geethaparthasarathy/.m2/repository"/>
    <property name="java.vendor.url.bug" value="https://bugreport.java.com/bugreport/"/>
    <property name="java.io.tmpdir" value="/var/folders/_8/g8nn3s0d3lbfjxdtn3gvjx600000gn/T/"/>
    <property name="idea.version" value="2023.1.2"/>
    <property name="java.version" value="18.0.2.1"/>
    <property name="user.dir" value="/Users/geethaparthasarathy/Downloads/InsurancePlan 2"/>
    <property name="os.arch" value="x86_64"/>
    <property name="java.vm.specification.name" value="Java Virtual Machine Specification"/>
    <property name="native.encoding" value="UTF-8"/>
    <property name="java.library.path" value="/Users/geethaparthasarathy/Library/Java/Extensions:/Library/Java/Extensions:/Network/Library/Java/Extensions:/System/Library/Java/Extensions:/usr/lib/java:."/>
    <property name="java.vm.info" value="mixed mode, sharing"/>
    <property name="java.vendor" value="Oracle Corporation"/>
    <property name="java.vm.version" value="18.0.2.1+1-1"/>
    <property name="sun.io.unicode.encoding" value="UnicodeBig"/>
    <property name="socksNonProxyHosts" value="local|*.local|169.254/16|*.169.254/16"/>
    <property name="java.class.version" value="62.0"/>
  </properties>
  <testcase name="" classname="Backend.InsurancePlanApplicationTests" time="0.464">
    <error message="Unable to find a @SpringBootConfiguration, you need to use @ContextConfiguration or @SpringBootTest(classes=...) with your test" type="java.lang.IllegalStateException"><![CDATA[java.lang.IllegalStateException: Unable to find a @SpringBootConfiguration, you need to use @ContextConfiguration or @SpringBootTest(classes=...) with your test
	at org.springframework.util.Assert.state(Assert.java:76)
	at org.springframework.boot.test.context.SpringBootTestContextBootstrapper.findConfigurationClass(SpringBootTestContextBootstrapper.java:260)
	at org.springframework.boot.test.context.SpringBootTestContextBootstrapper.getOrFindConfigurationClasses(SpringBootTestContextBootstrapper.java:247)
	at org.springframework.boot.test.context.SpringBootTestContextBootstrapper.processMergedContextConfiguration(SpringBootTestContextBootstrapper.java:164)
	at org.springframework.test.context.support.AbstractTestContextBootstrapper.buildMergedContextConfiguration(AbstractTestContextBootstrapper.java:375)
	at org.springframework.test.context.support.AbstractTestContextBootstrapper.buildDefaultMergedContextConfiguration(AbstractTestContextBootstrapper.java:291)
	at org.springframework.test.context.support.AbstractTestContextBootstrapper.buildMergedContextConfiguration(AbstractTestContextBootstrapper.java:239)
	at org.springframework.test.context.support.AbstractTestContextBootstrapper.buildTestContext(AbstractTestContextBootstrapper.java:107)
	at org.springframework.boot.test.context.SpringBootTestContextBootstrapper.buildTestContext(SpringBootTestContextBootstrapper.java:113)
	at org.springframework.test.context.TestContextManager.<init>(TestContextManager.java:129)
	at org.springframework.test.context.TestContextManager.<init>(TestContextManager.java:113)
	at org.junit.jupiter.engine.execution.ExtensionValuesStore.lambda$getOrComputeIfAbsent$4(ExtensionValuesStore.java:86)
	at org.junit.jupiter.engine.execution.ExtensionValuesStore$MemoizingSupplier.computeValue(ExtensionValuesStore.java:223)
	at org.junit.jupiter.engine.execution.ExtensionValuesStore$MemoizingSupplier.get(ExtensionValuesStore.java:211)
	at org.junit.jupiter.engine.execution.ExtensionValuesStore$StoredValue.evaluate(ExtensionValuesStore.java:191)
	at org.junit.jupiter.engine.execution.ExtensionValuesStore$StoredValue.access$100(ExtensionValuesStore.java:171)
	at org.junit.jupiter.engine.execution.ExtensionValuesStore.getOrComputeIfAbsent(ExtensionValuesStore.java:89)
	at org.junit.jupiter.engine.execution.ExtensionValuesStore.getOrComputeIfAbsent(ExtensionValuesStore.java:93)
	at org.junit.jupiter.engine.execution.NamespaceAwareStore.getOrComputeIfAbsent(NamespaceAwareStore.java:61)
	at org.springframework.test.context.junit.jupiter.SpringExtension.getTestContextManager(SpringExtension.java:294)
	at org.springframework.test.context.junit.jupiter.SpringExtension.beforeAll(SpringExtension.java:113)
	at org.junit.jupiter.engine.descriptor.ClassBasedTestDescriptor.lambda$invokeBeforeAllCallbacks$12(ClassBasedTestDescriptor.java:395)
	at org.junit.platform.engine.support.hierarchical.ThrowableCollector.execute(ThrowableCollector.java:73)
	at org.junit.jupiter.engine.descriptor.ClassBasedTestDescriptor.invokeBeforeAllCallbacks(ClassBasedTestDescriptor.java:395)
	at org.junit.jupiter.engine.descriptor.ClassBasedTestDescriptor.before(ClassBasedTestDescriptor.java:211)
	at org.junit.jupiter.engine.descriptor.ClassBasedTestDescriptor.before(ClassBasedTestDescriptor.java:84)
	at org.junit.platform.engine.support.hierarchical.NodeTestTask.lambda$executeRecursively$6(NodeTestTask.java:148)
	at org.junit.platform.engine.support.hierarchical.ThrowableCollector.execute(ThrowableCollector.java:73)
	at org.junit.platform.engine.support.hierarchical.NodeTestTask.lambda$executeRecursively$8(NodeTestTask.java:141)
	at org.junit.platform.engine.support.hierarchical.Node.around(Node.java:137)
	at org.junit.platform.engine.support.hierarchical.NodeTestTask.lambda$executeRecursively$9(NodeTestTask.java:139)
	at org.junit.platform.engine.support.hierarchical.ThrowableCollector.execute(ThrowableCollector.java:73)
	at org.junit.platform.engine.support.hierarchical.NodeTestTask.executeRecursively(NodeTestTask.java:138)
	at org.junit.platform.engine.support.hierarchical.NodeTestTask.execute(NodeTestTask.java:95)
	at java.base/java.util.ArrayList.forEach(ArrayList.java:1511)
	at org.junit.platform.engine.support.hierarchical.SameThreadHierarchicalTestExecutorService.invokeAll(SameThreadHierarchicalTestExecutorService.java:41)
	at org.junit.platform.engine.support.hierarchical.NodeTestTask.lambda$executeRecursively$6(NodeTestTask.java:155)
	at org.junit.platform.engine.support.hierarchical.ThrowableCollector.execute(ThrowableCollector.java:73)
	at org.junit.platform.engine.support.hierarchical.NodeTestTask.lambda$executeRecursively$8(NodeTestTask.java:141)
	at org.junit.platform.engine.support.hierarchical.Node.around(Node.java:137)
	at org.junit.platform.engine.support.hierarchical.NodeTestTask.lambda$executeRecursively$9(NodeTestTask.java:139)
	at org.junit.platform.engine.support.hierarchical.ThrowableCollector.execute(ThrowableCollector.java:73)
	at org.junit.platform.engine.support.hierarchical.NodeTestTask.executeRecursively(NodeTestTask.java:138)
	at org.junit.platform.engine.support.hierarchical.NodeTestTask.execute(NodeTestTask.java:95)
	at org.junit.platform.engine.support.hierarchical.SameThreadHierarchicalTestExecutorService.submit(SameThreadHierarchicalTestExecutorService.java:35)
	at org.junit.platform.engine.support.hierarchical.HierarchicalTestExecutor.execute(HierarchicalTestExecutor.java:57)
	at org.junit.platform.engine.support.hierarchical.HierarchicalTestEngine.execute(HierarchicalTestEngine.java:54)
	at org.junit.platform.launcher.core.EngineExecutionOrchestrator.execute(EngineExecutionOrchestrator.java:147)
	at org.junit.platform.launcher.core.EngineExecutionOrchestrator.execute(EngineExecutionOrchestrator.java:127)
	at org.junit.platform.launcher.core.EngineExecutionOrchestrator.execute(EngineExecutionOrchestrator.java:90)
	at org.junit.platform.launcher.core.EngineExecutionOrchestrator.lambda$execute$0(EngineExecutionOrchestrator.java:55)
	at org.junit.platform.launcher.core.EngineExecutionOrchestrator.withInterceptedStreams(EngineExecutionOrchestrator.java:102)
	at org.junit.platform.launcher.core.EngineExecutionOrchestrator.execute(EngineExecutionOrchestrator.java:54)
	at org.junit.platform.launcher.core.DefaultLauncher.execute(DefaultLauncher.java:114)
	at org.junit.platform.launcher.core.DefaultLauncher.execute(DefaultLauncher.java:86)
	at org.junit.platform.launcher.core.DefaultLauncherSession$DelegatingLauncher.execute(DefaultLauncherSession.java:86)
	at org.apache.maven.surefire.junitplatform.LazyLauncher.execute(LazyLauncher.java:50)
	at org.apache.maven.surefire.junitplatform.JUnitPlatformProvider.execute(JUnitPlatformProvider.java:184)
	at org.apache.maven.surefire.junitplatform.JUnitPlatformProvider.invokeAllTests(JUnitPlatformProvider.java:148)
	at org.apache.maven.surefire.junitplatform.JUnitPlatformProvider.invoke(JUnitPlatformProvider.java:122)
	at org.apache.maven.surefire.booter.ForkedBooter.runSuitesInProcess(ForkedBooter.java:385)
	at org.apache.maven.surefire.booter.ForkedBooter.execute(ForkedBooter.java:162)
	at org.apache.maven.surefire.booter.ForkedBooter.run(ForkedBooter.java:507)
	at org.apache.maven.surefire.booter.ForkedBooter.main(ForkedBooter.java:495)
]]></error>
    <system-out><![CDATA[01:56:04.607 [main] INFO org.springframework.test.context.support.AnnotationConfigContextLoaderUtils -- Could not detect default configuration classes for test class [Backend.InsurancePlanApplicationTests]: InsurancePlanApplicationTests does not declare any static, non-private, non-final, nested classes annotated with @Configuration.
]]></system-out>
  </testcase>
</testsuite>